<?xml version="1.0" encoding="UTF-8"?>
<testsuite xmlns:xsi="http://www.w3.org/2001/XMLSchema-instance" xsi:noNamespaceSchemaLocation="https://maven.apache.org/surefire/maven-surefire-plugin/xsd/surefire-test-report.xsd" name="com.g7s.ics.testcase.ListManagement.CustomerListTest" time="7.763" tests="9" errors="0" skipped="0" failures="0">
  <properties>
[...]
</properties>
  <testcase name="createCustomerList{int, String}[1]" classname="com.g7s.ics.testcase.ListManagement.CustomerListTest" time="0.629"/>
  <testcase name="createCustomerList{int, String}[2]" classname="com.g7s.ics.testcase.ListManagement.CustomerListTest" time="0.699"/>
  <testcase name="createCustomerList{int, String}[3]" classname="com.g7s.ics.testcase.ListManagement.CustomerListTest" time="0.693"/>
  <testcase name="pagingAllCustomer" classname="com.g7s.ics.testcase.ListManagement.CustomerListTest" time="0.771"/>
  <testcase name="updateCustomerList" classname="com.g7s.ics.testcase.ListManagement.CustomerListTest" time="1.485"/>
  <testcase name="pagingCustomer{int, String}[1]" classname="com.g7s.ics.testcase.ListManagement.CustomerListTest" time="0.74"/>
  <testcase name="pagingCustomer{int, String}[2]" classname="com.g7s.ics.testcase.ListManagement.CustomerListTest" time="0.813"/>
  <testcase name="pagingCustomer{int, String}[3]" classname="com.g7s.ics.testcase.ListManagement.CustomerListTest" time="0.692"/>
  <testcase name="detailCustomer" classname="com.g7s.ics.testcase.ListManagement.CustomerListTest" time="1.212"/>
</testsuite>